<?xml version="1.0" encoding="UTF-8"?>
<testng-results ignored="0" total="1" passed="1" failed="0" skipped="0">
  <reporter-output>
  </reporter-output>
  <suite started-at="2023-10-10T16:45:42 IST" name="Default suite" finished-at="2023-10-10T16:45:54 IST" duration-ms="12399">
    <groups>
    </groups>
    <test started-at="2023-10-10T16:45:42 IST" name="Default test" finished-at="2023-10-10T16:45:54 IST" duration-ms="12399">
      <class name="testCases.VerifySignUp">
        <test-method signature="VerifySignUp()[pri:0, instance:testCases.VerifySignUp@1c7696c6]" started-at="2023-10-10T16:45:42 IST" name="VerifySignUp" finished-at="2023-10-10T16:45:54 IST" duration-ms="12331" status="PASS">
          <reporter-output>
          </reporter-output>
        </test-method> <!-- VerifySignUp -->
      </class> <!-- testCases.VerifySignUp -->
    </test> <!-- Default test -->
  </suite> <!-- Default suite -->
</testng-results>
